<?xml version="1.0" encoding="UTF-8"?>
<testng-results skipped="0" failed="1" ignored="0" total="3" passed="2">
  <reporter-output>
  </reporter-output>
  <suite name="Default suite" duration-ms="263529" started-at="2019-03-15T13:53:44Z" finished-at="2019-03-15T13:58:08Z">
    <groups>
    </groups>
    <test name="Default test" duration-ms="263529" started-at="2019-03-15T13:53:44Z" finished-at="2019-03-15T13:58:08Z">
      <class name="br.estadao.quality.test.EstadaoTest">
        <test-method status="PASS" signature="setUp()[pri:0, instance:br.estadao.quality.test.EstadaoTest@6500df86]" name="setUp" is-config="true" duration-ms="22290" started-at="2019-03-15T13:53:44Z" finished-at="2019-03-15T13:54:06Z">
          <reporter-output>
          </reporter-output>
        </test-method> <!-- setUp -->
        <test-method status="FAIL" signature="registerNewUser()[pri:1, instance:br.estadao.quality.test.EstadaoTest@6500df86]" name="registerNewUser" duration-ms="106752" started-at="2019-03-15T13:54:06Z" finished-at="2019-03-15T13:55:53Z">
          <exception class="java.lang.AssertionError">
            <message>
              <![CDATA[expected [true] but found [false]]]>
            </message>
            <full-stacktrace>
              <![CDATA[java.lang.AssertionError: expected [true] but found [false]
at org.testng.Assert.fail(Assert.java:96)
at org.testng.Assert.failNotEquals(Assert.java:776)
at org.testng.Assert.assertTrue(Assert.java:44)
at org.testng.Assert.assertTrue(Assert.java:54)
at br.estadao.quality.test.EstadaoTest.registerNewUser(EstadaoTest.java:76)
at sun.reflect.NativeMethodAccessorImpl.invoke0(Native Method)
at sun.reflect.NativeMethodAccessorImpl.invoke(NativeMethodAccessorImpl.java:62)
at sun.reflect.DelegatingMethodAccessorImpl.invoke(DelegatingMethodAccessorImpl.java:43)
at java.lang.reflect.Method.invoke(Method.java:498)
at org.testng.internal.MethodInvocationHelper.invokeMethod(MethodInvocationHelper.java:124)
at org.testng.internal.Invoker.invokeMethod(Invoker.java:583)
at org.testng.internal.Invoker.invokeTestMethod(Invoker.java:719)
at org.testng.internal.Invoker.invokeTestMethods(Invoker.java:989)
at org.testng.internal.TestMethodWorker.invokeTestMethods(TestMethodWorker.java:125)
at org.testng.internal.TestMethodWorker.run(TestMethodWorker.java:109)
at org.testng.TestRunner.privateRun(TestRunner.java:648)
at org.testng.TestRunner.run(TestRunner.java:505)
at org.testng.SuiteRunner.runTest(SuiteRunner.java:455)
at org.testng.SuiteRunner.runSequentially(SuiteRunner.java:450)
at org.testng.SuiteRunner.privateRun(SuiteRunner.java:415)
at org.testng.SuiteRunner.run(SuiteRunner.java:364)
at org.testng.SuiteRunnerWorker.runSuite(SuiteRunnerWorker.java:52)
at org.testng.SuiteRunnerWorker.run(SuiteRunnerWorker.java:84)
at org.testng.TestNG.runSuitesSequentially(TestNG.java:1208)
at org.testng.TestNG.runSuitesLocally(TestNG.java:1137)
at org.testng.TestNG.runSuites(TestNG.java:1049)
at org.testng.TestNG.run(TestNG.java:1017)
at org.testng.remote.AbstractRemoteTestNG.run(AbstractRemoteTestNG.java:114)
at org.testng.remote.RemoteTestNG.initAndRun(RemoteTestNG.java:251)
at org.testng.remote.RemoteTestNG.main(RemoteTestNG.java:77)
]]>
            </full-stacktrace>
          </exception> <!-- java.lang.AssertionError -->
          <reporter-output>
          </reporter-output>
        </test-method> <!-- registerNewUser -->
        <test-method status="PASS" signature="HardPaywall()[pri:2, instance:br.estadao.quality.test.EstadaoTest@6500df86]" name="HardPaywall" duration-ms="77095" started-at="2019-03-15T13:55:53Z" finished-at="2019-03-15T13:57:10Z">
          <reporter-output>
          </reporter-output>
        </test-method> <!-- HardPaywall -->
        <test-method status="PASS" signature="subscriberContent()[pri:3, instance:br.estadao.quality.test.EstadaoTest@6500df86]" name="subscriberContent" duration-ms="55580" started-at="2019-03-15T13:57:10Z" finished-at="2019-03-15T13:58:06Z">
          <reporter-output>
          </reporter-output>
        </test-method> <!-- subscriberContent -->
        <test-method status="PASS" signature="tearDown()[pri:0, instance:br.estadao.quality.test.EstadaoTest@6500df86]" name="tearDown" is-config="true" duration-ms="1774" started-at="2019-03-15T13:58:06Z" finished-at="2019-03-15T13:58:08Z">
          <reporter-output>
          </reporter-output>
        </test-method> <!-- tearDown -->
      </class> <!-- br.estadao.quality.test.EstadaoTest -->
    </test> <!-- Default test -->
  </suite> <!-- Default suite -->
</testng-results>
